<?xml version="1.0" encoding="UTF-8"?>
<!-- Generated by org.testng.reporters.JUnitReportReporter -->
<testsuite hostname="Raul" failures="0" tests="1" name="test.LoginTest" time="5.849" errors="0" timestamp="2022-03-20T14:03:43 MDT" skipped="0">
  <testcase classname="test.LoginTest" name="validUserShouldBeAbleToLogin" time="5.849"/>
  <system-out/>
</testsuite> <!-- test.LoginTest -->
